<?xml version="1.0" encoding="UTF-8"?>
<testng-results ignored="0" total="1" passed="1" failed="0" skipped="0">
  <reporter-output>
  </reporter-output>
  <suite started-at="2023-06-29T20:45:37 IST" name="Default suite" finished-at="2023-06-29T20:45:48 IST" duration-ms="11723">
    <groups>
    </groups>
    <test started-at="2023-06-29T20:45:37 IST" name="Default test" finished-at="2023-06-29T20:45:48 IST" duration-ms="11723">
      <class name="VN.TC_1">
        <test-method signature="Vn()[pri:0, instance:VN.TC_1@60015ef5]" started-at="2023-06-29T20:45:37 IST" name="Vn" finished-at="2023-06-29T20:45:48 IST" duration-ms="11673" status="PASS">
          <reporter-output>
          </reporter-output>
        </test-method> <!-- Vn -->
      </class> <!-- VN.TC_1 -->
    </test> <!-- Default test -->
  </suite> <!-- Default suite -->
</testng-results>
